<?xml version="1.0" encoding="UTF-8"?>
<checkstyle version="5.9">
<file name="C:\Users\Sebastian\git\SEB3PP-Aufgabe4\PP\src\test\java\de\regnator\PP\RechnerTest.java">
<error line="0" severity="warning" message="package-info.java fehlt." source="com.puppycrawl.tools.checkstyle.checks.javadoc.JavadocPackageCheck"/>
<error line="4" severity="warning" message="Die Form &apos;.*&apos; für import-Anweisungen sollte vermieden werden - org.junit.Assert.*." source="com.puppycrawl.tools.checkstyle.checks.imports.AvoidStarImportCheck"/>
<error line="5" severity="warning" message="Die Form &apos;.*&apos; für import-Anweisungen sollte vermieden werden - org.hamcrest.core.Is.*." source="com.puppycrawl.tools.checkstyle.checks.imports.AvoidStarImportCheck"/>
<error line="12" column="1" severity="warning" message="Datei enthält Tabulatorzeichen (diese Stelle ist das erste Vorkommnen)." source="com.puppycrawl.tools.checkstyle.checks.whitespace.FileTabCharacterCheck"/>
<error line="14" severity="warning" message="Javadoc-Kommentar fehlt." source="com.puppycrawl.tools.checkstyle.checks.javadoc.JavadocTypeCheck"/>
<error line="16" column="5" severity="warning" message="Javadoc-Kommentar fehlt." source="com.puppycrawl.tools.checkstyle.checks.javadoc.JavadocVariableCheck"/>
<error line="17" column="23" severity="warning" message="Variable &apos;inputA&apos; muss private sein." source="com.puppycrawl.tools.checkstyle.checks.design.VisibilityModifierCheck"/>
<error line="17" column="32" severity="warning" message="&apos;10&apos; sollte durch eine Konstante definiert sein." source="com.puppycrawl.tools.checkstyle.checks.coding.MagicNumberCheck"/>
<error line="18" column="5" severity="warning" message="Javadoc-Kommentar fehlt." source="com.puppycrawl.tools.checkstyle.checks.javadoc.JavadocVariableCheck"/>
<error line="18" column="23" severity="warning" message="Variable &apos;inputB&apos; muss private sein." source="com.puppycrawl.tools.checkstyle.checks.design.VisibilityModifierCheck"/>
<error line="19" column="5" severity="warning" message="Javadoc-Kommentar fehlt." source="com.puppycrawl.tools.checkstyle.checks.javadoc.JavadocVariableCheck"/>
<error line="19" column="23" severity="warning" message="Variable &apos;inputC&apos; muss private sein." source="com.puppycrawl.tools.checkstyle.checks.design.VisibilityModifierCheck"/>
<error line="20" column="5" severity="warning" message="Javadoc-Kommentar fehlt." source="com.puppycrawl.tools.checkstyle.checks.javadoc.JavadocVariableCheck"/>
<error line="20" column="23" severity="warning" message="Variable &apos;expected&apos; muss private sein." source="com.puppycrawl.tools.checkstyle.checks.design.VisibilityModifierCheck"/>
<error line="20" column="34" severity="warning" message="&apos;5&apos; sollte durch eine Konstante definiert sein." source="com.puppycrawl.tools.checkstyle.checks.coding.MagicNumberCheck"/>
<error line="21" column="5" severity="warning" message="Javadoc-Kommentar fehlt." source="com.puppycrawl.tools.checkstyle.checks.javadoc.JavadocVariableCheck"/>
<error line="21" column="23" severity="warning" message="Variable &apos;expectedAdd&apos; muss private sein." source="com.puppycrawl.tools.checkstyle.checks.design.VisibilityModifierCheck"/>
<error line="21" column="37" severity="warning" message="&apos;11&apos; sollte durch eine Konstante definiert sein." source="com.puppycrawl.tools.checkstyle.checks.coding.MagicNumberCheck"/>
<error line="22" column="5" severity="warning" message="Javadoc-Kommentar fehlt." source="com.puppycrawl.tools.checkstyle.checks.javadoc.JavadocVariableCheck"/>
<error line="22" column="23" severity="warning" message="Variable &apos;expectedsubstract&apos; muss private sein." source="com.puppycrawl.tools.checkstyle.checks.design.VisibilityModifierCheck"/>
<error line="22" column="43" severity="warning" message="&apos;-9&apos; sollte durch eine Konstante definiert sein." source="com.puppycrawl.tools.checkstyle.checks.coding.MagicNumberCheck"/>
<error line="23" column="5" severity="warning" message="Javadoc-Kommentar fehlt." source="com.puppycrawl.tools.checkstyle.checks.javadoc.JavadocVariableCheck"/>
<error line="23" column="23" severity="warning" message="Variable &apos;expectedMultiply&apos; muss private sein." source="com.puppycrawl.tools.checkstyle.checks.design.VisibilityModifierCheck"/>
<error line="23" column="42" severity="warning" message="&apos;10&apos; sollte durch eine Konstante definiert sein." source="com.puppycrawl.tools.checkstyle.checks.coding.MagicNumberCheck"/>
<error line="24" column="5" severity="warning" message="Javadoc-Kommentar fehlt." source="com.puppycrawl.tools.checkstyle.checks.javadoc.JavadocVariableCheck"/>
<error line="24" column="27" severity="warning" message="Variable &apos;bool&apos; muss private sein." source="com.puppycrawl.tools.checkstyle.checks.design.VisibilityModifierCheck"/>
<error line="25" column="5" severity="warning" message="Javadoc-Kommentar fehlt." source="com.puppycrawl.tools.checkstyle.checks.javadoc.JavadocVariableCheck"/>
<error line="27" column="5" severity="warning" message="Javadoc-Kommentar fehlt." source="com.puppycrawl.tools.checkstyle.checks.javadoc.JavadocVariableCheck"/>
<error line="30" column="5" severity="warning" message="Die Methode &apos;testaddition&apos; ist nicht für Vererbung entworfen - muss abstract, final oder leer sein." source="com.puppycrawl.tools.checkstyle.checks.design.DesignForExtensionCheck"/>
<error line="30" column="5" severity="warning" message="Javadoc-Kommentar fehlt." source="com.puppycrawl.tools.checkstyle.checks.javadoc.JavadocMethodCheck"/>
<error line="31" column="31" severity="warning" message="Vor &apos;{&apos; befindet sich kein Leerzeichen." source="com.puppycrawl.tools.checkstyle.checks.whitespace.WhitespaceAroundCheck"/>
<error line="34" column="29" severity="warning" message="Nach &apos;,&apos; folgt kein Leerzeichen." source="com.puppycrawl.tools.checkstyle.checks.whitespace.WhitespaceAfterCheck"/>
<error line="37" column="5" severity="warning" message="Die Methode &apos;testsubstraction&apos; ist nicht für Vererbung entworfen - muss abstract, final oder leer sein." source="com.puppycrawl.tools.checkstyle.checks.design.DesignForExtensionCheck"/>
<error line="37" column="5" severity="warning" message="Javadoc-Kommentar fehlt." source="com.puppycrawl.tools.checkstyle.checks.javadoc.JavadocMethodCheck"/>
<error line="38" column="34" severity="warning" message="Vor &apos;(&apos; befindet sich ein Leerzeichen." source="com.puppycrawl.tools.checkstyle.checks.whitespace.MethodParamPadCheck"/>
<error line="38" column="36" severity="warning" message="Vor &apos;{&apos; befindet sich kein Leerzeichen." source="com.puppycrawl.tools.checkstyle.checks.whitespace.WhitespaceAroundCheck"/>
<error line="41" column="35" severity="warning" message="Nach &apos;,&apos; folgt kein Leerzeichen." source="com.puppycrawl.tools.checkstyle.checks.whitespace.WhitespaceAfterCheck"/>
<error line="44" column="5" severity="warning" message="Die Methode &apos;testmultipication&apos; ist nicht für Vererbung entworfen - muss abstract, final oder leer sein." source="com.puppycrawl.tools.checkstyle.checks.design.DesignForExtensionCheck"/>
<error line="44" column="5" severity="warning" message="Javadoc-Kommentar fehlt." source="com.puppycrawl.tools.checkstyle.checks.javadoc.JavadocMethodCheck"/>
<error line="45" column="35" severity="warning" message="Vor &apos;(&apos; befindet sich ein Leerzeichen." source="com.puppycrawl.tools.checkstyle.checks.whitespace.MethodParamPadCheck"/>
<error line="48" column="34" severity="warning" message="Nach &apos;,&apos; folgt kein Leerzeichen." source="com.puppycrawl.tools.checkstyle.checks.whitespace.WhitespaceAfterCheck"/>
<error line="52" column="5" severity="warning" message="Die Methode &apos;testdivide&apos; ist nicht für Vererbung entworfen - muss abstract, final oder leer sein." source="com.puppycrawl.tools.checkstyle.checks.design.DesignForExtensionCheck"/>
<error line="52" column="5" severity="warning" message="Javadoc-Kommentar fehlt." source="com.puppycrawl.tools.checkstyle.checks.javadoc.JavadocMethodCheck"/>
<error line="53" column="37" severity="warning" message="Klassen-Information für DivisionByZeroNotAllowedException nicht verfügbar." source="com.puppycrawl.tools.checkstyle.checks.coding.RedundantThrowsCheck"/>
<error line="59" column="5" severity="warning" message="Die Methode &apos;testDivisionByZeroNotAllowedException&apos; ist nicht für Vererbung entworfen - muss abstract, final oder leer sein." source="com.puppycrawl.tools.checkstyle.checks.design.DesignForExtensionCheck"/>
<error line="59" column="5" severity="warning" message="Javadoc-Kommentar fehlt." source="com.puppycrawl.tools.checkstyle.checks.javadoc.JavadocMethodCheck"/>
<error line="59" column="19" severity="warning" message="Vor &apos;=&apos; befindet sich kein Leerzeichen." source="com.puppycrawl.tools.checkstyle.checks.whitespace.WhitespaceAroundCheck"/>
<error line="59" column="20" severity="warning" message="Nach &apos;=&apos; folgt kein Leerzeichen." source="com.puppycrawl.tools.checkstyle.checks.whitespace.WhitespaceAroundCheck"/>
<error line="60" severity="warning" message="Zeile länger als 80 Zeichen" source="com.puppycrawl.tools.checkstyle.checks.sizes.LineLengthCheck"/>
<error line="60" column="55" severity="warning" message="Vor &apos;(&apos; befindet sich ein Leerzeichen." source="com.puppycrawl.tools.checkstyle.checks.whitespace.MethodParamPadCheck"/>
<error line="60" column="65" severity="warning" message="Klassen-Information für DivisionByZeroNotAllowedException nicht verfügbar." source="com.puppycrawl.tools.checkstyle.checks.coding.RedundantThrowsCheck"/>
<error line="60" column="98" severity="warning" message="Vor &apos;{&apos; befindet sich kein Leerzeichen." source="com.puppycrawl.tools.checkstyle.checks.whitespace.WhitespaceAroundCheck"/>
<error line="63" column="26" severity="warning" message="Nach &apos;,&apos; folgt kein Leerzeichen." source="com.puppycrawl.tools.checkstyle.checks.whitespace.WhitespaceAfterCheck"/>
<error line="64" severity="warning" message="Zeile länger als 80 Zeichen" source="com.puppycrawl.tools.checkstyle.checks.sizes.LineLengthCheck"/>
<error line="67" column="5" severity="warning" message="Die Methode &apos;testEven&apos; ist nicht für Vererbung entworfen - muss abstract, final oder leer sein." source="com.puppycrawl.tools.checkstyle.checks.design.DesignForExtensionCheck"/>
<error line="67" column="5" severity="warning" message="Javadoc-Kommentar fehlt." source="com.puppycrawl.tools.checkstyle.checks.javadoc.JavadocMethodCheck"/>
<error line="68" column="26" severity="warning" message="Vor &apos;(&apos; befindet sich ein Leerzeichen." source="com.puppycrawl.tools.checkstyle.checks.whitespace.MethodParamPadCheck"/>
<error line="74" column="5" severity="warning" message="Die Methode &apos;testMain&apos; ist nicht für Vererbung entworfen - muss abstract, final oder leer sein." source="com.puppycrawl.tools.checkstyle.checks.design.DesignForExtensionCheck"/>
<error line="74" column="5" severity="warning" message="Javadoc-Kommentar fehlt." source="com.puppycrawl.tools.checkstyle.checks.javadoc.JavadocMethodCheck"/>
<error line="75" column="26" severity="warning" message="Vor &apos;(&apos; befindet sich ein Leerzeichen." source="com.puppycrawl.tools.checkstyle.checks.whitespace.MethodParamPadCheck"/>
</file>
</checkstyle>
